9/21/2023 2:57:44 PM OS Version: 10.16

=======================================
9/21/2023 2:57:44 PM Program.Start Product=Dr.Fone, Version=12.9.8.60
9/21/2023 2:57:44 PM Program.InitLog...
9/21/2023 2:57:45 PM RequestPriceTask begin.
9/21/2023 2:57:45 PM RequestPriceTask begin.
9/21/2023 2:57:45 PM RequestPriceTask begin.
9/21/2023 2:57:45 PM RequestPriceTask begin.
9/21/2023 2:57:45 PM Program.InitApp
9/21/2023 2:57:45 PM InitDataBaseInfo Success
9/21/2023 2:57:45 PM start CreateClientSign
9/21/2023 2:57:45 PM CreateClientSign retcode=0 value=B589D35E-1B1F-5429-BADF-D8CC0D24DF1B
9/21/2023 2:57:45 PM os version: 
9/21/2023 2:57:45 PM 10.16
9/21/2023 2:57:46 PM [WSID] start Init
9/21/2023 2:57:46 PM [WSID] Init completed code=Suceess
9/21/2023 2:57:46 PM ClentSign=B589D35E-1B1F-5429-BADF-D8CC0D24DF1B
9/21/2023 2:57:46 PM <OnlineRatingSwitchHelper> 1
9/21/2023 2:57:46 PM <OnlineRatingSwitchHelper> 2
9/21/2023 2:57:46 PM <OnlineRatingSwitchHelper> 3
9/21/2023 2:57:47 PM <USB DEBUG> start requesting...
9/21/2023 2:57:47 PM RegisterUSBDevicesNotify handle:140188993174976
9/21/2023 2:57:47 PM MacUsbNotifier  StartMonitor start
9/21/2023 2:57:47 PM MacUsbNotifier  StopMonitor
9/21/2023 2:57:47 PM MacOS  StartMonitorWorker start
9/21/2023 2:57:47 PM MacUsbNotifier  DoListen start
9/21/2023 2:57:47 PM MacUsb DeviceConnectCallback 
9/21/2023 2:57:47 PM ConnectionHub OnDeviceArrival:IOService:/AppleARMPE/arm-io@10F00000/AppleT810xIO/usb-drd1@2280000/AppleT8103USBXHCI@01000000/usb-drd1-port-hs@01100000/Mi 9 Lite@01100000
9/21/2023 2:57:47 PM AddUSBConnection deviceId: IOService:/AppleARMPE/arm-io@10F00000/AppleT810xIO/usb-drd1@2280000/AppleT8103USBXHCI@01000000/usb-drd1-port-hs@01100000/Mi 9 Lite@01100000
9/21/2023 2:57:47 PM ConnectionHub.FoundDevice
9/21/2023 2:57:47 PM 	Id=IOService:/AppleARMPE/arm-io@10F00000/AppleT810xIO/usb-drd1@2280000/AppleT8103USBXHCI@01000000/usb-drd1-port-hs@01100000/Mi 9 Lite@01100000
9/21/2023 2:57:47 PM 	Manufacturer=Xiaomi
9/21/2023 2:57:47 PM 	Product=Mi 9 Lite
9/21/2023 2:57:47 PM 	FriendlyName=Mi 9 Lite
9/21/2023 2:57:47 PM 	SN=612952a5
9/21/2023 2:57:47 PM 	VID=10007
9/21/2023 2:57:47 PM 	PID=65344
9/21/2023 2:57:47 PM 	Class=0
9/21/2023 2:57:47 PM 	SubClass=0
9/21/2023 2:57:47 PM 	Protocol=0
9/21/2023 2:57:47 PM AddUSBConnection VID:2717 PID:ff40 Manufacturer:Xiaomi Product:Mi 9 Lite
9/21/2023 2:57:47 PM MacOS  StartEnumeratorWorker start
9/21/2023 2:57:47 PM MacOS  StartEnumeratorWorker while (!bExit) 
9/21/2023 2:57:47 PM MacOS  StartEnumeratorWorker ScanMacUSB   
9/21/2023 2:57:47 PM USBDeviceBaseInfo::GetDeviceInfo GetDeviceFromRemote VID:2717 PID:ff40 Manufacturer:Xiaomi Product:Mi 9 Lite
9/21/2023 2:57:47 PM 	FriendlyName=
9/21/2023 2:57:47 PM ConnectionHub.AddConnection(IOService:/AppleARMPE/arm-io@10F00000/AppleT810xIO/usb-drd1@2280000/AppleT8103USBXHCI@01000000/usb-drd1-port-hs@01100000/Mi 9 Lite@01100000, Android, 612952a5)
9/21/2023 2:57:47 PM Connection inserter Start
9/21/2023 2:57:47 PM Connection inserter create new device
9/21/2023 2:57:47 PM Connection inserter device is Android
9/21/2023 2:57:47 PM Connection inserter AddService
9/21/2023 2:57:47 PM Device manager add device SerialNumber: 612952a5
9/21/2023 2:57:47 PM MacOS  StartEnumeratorWorker bFisrtScan end.
9/21/2023 2:57:47 PM MacUsb DeviceDisconnectCallback 
9/21/2023 2:57:47 PM <USB DEBUG> start parsing json...
9/21/2023 2:57:47 PM <USB DEBUG> value compare: 1-1
9/21/2023 2:57:48 PM RegisterUSBDevicesNotify handle:140188973067024
9/21/2023 2:57:48 PM [WSID] start IsLogined
9/21/2023 2:57:48 PM [WSID] start QueryUserInfo
9/21/2023 2:57:48 PM [WSID] QueryUserInfo completed msg=
9/21/2023 2:57:48 PM [WSID] IsLogined completed  islogined = False
9/21/2023 2:57:48 PM SetSystemSleep start
9/21/2023 2:57:48 PM SetSystemSleep end
9/21/2023 2:57:59 PM Download Driver DB Ok, Version=4.0.1685085717
9/21/2023 2:59:58 PM ConnectionScanTask start
9/21/2023 2:59:58 PM ConnectionScanTask rescan start
9/21/2023 2:59:58 PM ConnectionScanTask rescan end
9/21/2023 2:59:58 PM ConnectionScanTask End
9/21/2023 2:59:58 PM AddUSBConnection deviceId: IOService:/AppleARMPE/arm-io@10F00000/AppleT810xIO/usb-drd1@2280000/AppleT8103USBXHCI@01000000/usb-drd1-port-hs@01100000/Mi 9 Lite@01100000
9/21/2023 2:59:58 PM AddUSBConnection VID:2717 PID:ff40 Manufacturer:Xiaomi Product:Mi 9 Lite
9/21/2023 2:59:58 PM Connection begin IOService:/AppleARMPE/arm-io@10F00000/AppleT810xIO/usb-drd1@2280000/AppleT8103USBXHCI@01000000/usb-drd1-port-hs@01100000/Mi 9 Lite@01100000
9/21/2023 2:59:59 PM [DC_UsbTask] try connect, Times: 1
9/21/2023 2:59:59 PM * daemon started successfully
9/21/2023 2:59:59 PM <DC-AndroidCOT> Initialize Result: True
9/21/2023 2:59:59 PM Connection stepName Checking
9/21/2023 2:59:59 PM [DC_UsbTask] start wait system installing.
9/21/2023 2:59:59 PM [DC_UsbTask] end wait system installing.
9/21/2023 2:59:59 PM [DC_UsbTask] start wait FindExpectInterface
9/21/2023 2:59:59 PM [DC_UsbTask] end wait FindExpectInterface.
9/21/2023 2:59:59 PM [DC_UsbTask] start PrepareCheck.
9/21/2023 2:59:59 PM [DC_UsbTask] end PrepareCheck.
9/21/2023 2:59:59 PM [DC_UsbTask] usbconnecttask NeedDebuggingMode
9/21/2023 2:59:59 PM [DC-BSCOT] BC-GetWaitReadyTask enter..
9/21/2023 2:59:59 PM [DC-BSCOT] BC-WaitReadyWorker enter..
9/21/2023 2:59:59 PM Connection stepName WaitReady
9/21/2023 2:59:59 PM Connection stepName NeedDebuggingMode
9/21/2023 3:02:41 PM MacUsbNotifier  StopMonitor
9/21/2023 3:02:41 PM Device manager remove device SerialNumber: 612952a5
9/21/2023 3:02:41 PM Connection IOService:/AppleARMPE/arm-io@10F00000/AppleT810xIO/usb-drd1@2280000/AppleT8103USBXHCI@01000000/usb-drd1-port-hs@01100000/Mi 9 Lite@01100000 disposed.
9/21/2023 3:02:41 PM Connection end IOService:/AppleARMPE/arm-io@10F00000/AppleT810xIO/usb-drd1@2280000/AppleT8103USBXHCI@01000000/usb-drd1-port-hs@01100000/Mi 9 Lite@01100000 NeedDebuggingMode
9/21/2023 3:02:41 PM MacOS  StartEnumeratorWorker while (!bExit) end ---- 
9/21/2023 3:02:42 PM Program.ExitAppDataCollect

=======================================
9/21/2023 3:05:08 PM Program.Start Product=Dr.Fone, Version=12.9.8.60
9/21/2023 3:05:08 PM Program.InitLog...
9/21/2023 3:05:09 PM RequestPriceTask begin.
9/21/2023 3:05:09 PM RequestPriceTask begin.
9/21/2023 3:05:09 PM RequestPriceTask begin.
9/21/2023 3:05:09 PM RequestPriceTask begin.
9/21/2023 3:05:09 PM Program.InitApp
9/21/2023 3:05:09 PM InitDataBaseInfo Success
9/21/2023 3:05:09 PM start CreateClientSign
9/21/2023 3:05:09 PM CreateClientSign retcode=0 value=B589D35E-1B1F-5429-BADF-D8CC0D24DF1B
9/21/2023 3:05:09 PM os version: 
9/21/2023 3:05:09 PM 10.16
9/21/2023 3:05:09 PM [WSID] start Init
9/21/2023 3:05:09 PM [WSID] Init completed code=Suceess
9/21/2023 3:05:09 PM ClentSign=B589D35E-1B1F-5429-BADF-D8CC0D24DF1B
9/21/2023 3:05:10 PM <OnlineRatingSwitchHelper> 1
9/21/2023 3:05:10 PM <USB DEBUG> start requesting...
9/21/2023 3:05:10 PM <OnlineRatingSwitchHelper> 2
9/21/2023 3:05:10 PM <OnlineRatingSwitchHelper> 3
9/21/2023 3:05:10 PM RegisterUSBDevicesNotify handle:140216630576224
9/21/2023 3:05:10 PM MacUsbNotifier  StartMonitor start
9/21/2023 3:05:10 PM MacUsbNotifier  StopMonitor
9/21/2023 3:05:10 PM MacOS  StartMonitorWorker start
9/21/2023 3:05:10 PM MacUsbNotifier  DoListen start
9/21/2023 3:05:10 PM MacUsb DeviceConnectCallback 
9/21/2023 3:05:10 PM ConnectionHub OnDeviceArrival:IOService:/AppleARMPE/arm-io@10F00000/AppleT810xIO/usb-drd1@2280000/AppleT8103USBXHCI@01000000/usb-drd1-port-hs@01100000/Mi 9 Lite@01100000
9/21/2023 3:05:10 PM AddUSBConnection deviceId: IOService:/AppleARMPE/arm-io@10F00000/AppleT810xIO/usb-drd1@2280000/AppleT8103USBXHCI@01000000/usb-drd1-port-hs@01100000/Mi 9 Lite@01100000
9/21/2023 3:05:10 PM ConnectionHub.FoundDevice
9/21/2023 3:05:10 PM 	Id=IOService:/AppleARMPE/arm-io@10F00000/AppleT810xIO/usb-drd1@2280000/AppleT8103USBXHCI@01000000/usb-drd1-port-hs@01100000/Mi 9 Lite@01100000
9/21/2023 3:05:10 PM 	Manufacturer=Xiaomi
9/21/2023 3:05:10 PM 	Product=Mi 9 Lite
9/21/2023 3:05:10 PM 	FriendlyName=Mi 9 Lite
9/21/2023 3:05:10 PM 	SN=612952a5
9/21/2023 3:05:10 PM 	VID=10007
9/21/2023 3:05:10 PM 	PID=65344
9/21/2023 3:05:10 PM 	Class=0
9/21/2023 3:05:10 PM 	SubClass=0
9/21/2023 3:05:10 PM 	Protocol=0
9/21/2023 3:05:10 PM AddUSBConnection VID:2717 PID:ff40 Manufacturer:Xiaomi Product:Mi 9 Lite
9/21/2023 3:05:11 PM MacOS  StartEnumeratorWorker start
9/21/2023 3:05:11 PM MacOS  StartEnumeratorWorker while (!bExit) 
9/21/2023 3:05:11 PM MacOS  StartEnumeratorWorker ScanMacUSB   
9/21/2023 3:05:11 PM USBDeviceBaseInfo::GetDeviceInfo GetDeviceFromRemote VID:2717 PID:ff40 Manufacturer:Xiaomi Product:Mi 9 Lite
9/21/2023 3:05:11 PM 	FriendlyName=
9/21/2023 3:05:11 PM ConnectionHub.AddConnection(IOService:/AppleARMPE/arm-io@10F00000/AppleT810xIO/usb-drd1@2280000/AppleT8103USBXHCI@01000000/usb-drd1-port-hs@01100000/Mi 9 Lite@01100000, Android, 612952a5)
9/21/2023 3:05:11 PM Connection inserter Start
9/21/2023 3:05:11 PM Connection inserter create new device
9/21/2023 3:05:11 PM Connection inserter device is Android
9/21/2023 3:05:11 PM <USB DEBUG> start parsing json...
9/21/2023 3:05:11 PM <USB DEBUG> value compare: 1-1
9/21/2023 3:05:11 PM Connection inserter AddService
9/21/2023 3:05:11 PM Device manager add device SerialNumber: 612952a5
9/21/2023 3:05:11 PM MacOS  StartEnumeratorWorker bFisrtScan end.
9/21/2023 3:05:11 PM MacUsb DeviceDisconnectCallback 
9/21/2023 3:05:11 PM RegisterUSBDevicesNotify handle:140216630654624
9/21/2023 3:05:11 PM [WSID] start IsLogined
9/21/2023 3:05:11 PM [WSID] start QueryUserInfo
9/21/2023 3:05:11 PM [WSID] QueryUserInfo completed msg=
9/21/2023 3:05:11 PM [WSID] IsLogined completed  islogined = False
9/21/2023 3:05:12 PM SetSystemSleep start
9/21/2023 3:05:12 PM SetSystemSleep end
9/21/2023 3:05:13 PM ConnectionScanTask start
9/21/2023 3:05:13 PM ConnectionScanTask rescan start
9/21/2023 3:05:14 PM ConnectionScanTask rescan end
9/21/2023 3:05:14 PM ConnectionScanTask End
9/21/2023 3:05:14 PM AddUSBConnection deviceId: IOService:/AppleARMPE/arm-io@10F00000/AppleT810xIO/usb-drd1@2280000/AppleT8103USBXHCI@01000000/usb-drd1-port-hs@01100000/Mi 9 Lite@01100000
9/21/2023 3:05:14 PM AddUSBConnection VID:2717 PID:ff40 Manufacturer:Xiaomi Product:Mi 9 Lite
9/21/2023 3:05:14 PM Connection begin IOService:/AppleARMPE/arm-io@10F00000/AppleT810xIO/usb-drd1@2280000/AppleT8103USBXHCI@01000000/usb-drd1-port-hs@01100000/Mi 9 Lite@01100000
9/21/2023 3:05:14 PM [DC_UsbTask] try connect, Times: 1
9/21/2023 3:05:14 PM * daemon started successfully
9/21/2023 3:05:14 PM <DC-AndroidCOT> Initialize Result: True
9/21/2023 3:05:14 PM Connection stepName Checking
9/21/2023 3:05:14 PM [DC_UsbTask] start wait system installing.
9/21/2023 3:05:14 PM [DC_UsbTask] end wait system installing.
9/21/2023 3:05:14 PM [DC_UsbTask] start wait FindExpectInterface
9/21/2023 3:05:14 PM [DC_UsbTask] end wait FindExpectInterface.
9/21/2023 3:05:14 PM [DC_UsbTask] start PrepareCheck.
9/21/2023 3:05:14 PM [DC_UsbTask] end PrepareCheck.
9/21/2023 3:05:14 PM [DC_UsbTask] usbconnecttask NeedDebuggingMode
9/21/2023 3:05:14 PM [DC-BSCOT] BC-GetWaitReadyTask enter..
9/21/2023 3:05:14 PM [DC-BSCOT] BC-WaitReadyWorker enter..
9/21/2023 3:05:14 PM Connection stepName WaitReady
9/21/2023 3:05:14 PM Connection stepName NeedDebuggingMode
9/21/2023 3:05:18 PM MacUsbNotifier  StopMonitor
9/21/2023 3:05:18 PM Device manager remove device SerialNumber: 612952a5
9/21/2023 3:05:18 PM Connection IOService:/AppleARMPE/arm-io@10F00000/AppleT810xIO/usb-drd1@2280000/AppleT8103USBXHCI@01000000/usb-drd1-port-hs@01100000/Mi 9 Lite@01100000 disposed.
9/21/2023 3:05:18 PM Connection end IOService:/AppleARMPE/arm-io@10F00000/AppleT810xIO/usb-drd1@2280000/AppleT8103USBXHCI@01000000/usb-drd1-port-hs@01100000/Mi 9 Lite@01100000 NeedDebuggingMode
9/21/2023 3:05:18 PM MacOS  StartEnumeratorWorker while (!bExit) end ---- 
9/21/2023 3:05:20 PM Program.ExitAppDataCollect
