9/21/2023 3:02:58 PM 
=======================================
9/21/2023 3:02:58 PM Program.Start Product=dr.fone, Version=12.9.8.1351
9/21/2023 3:02:58 PM Program.InitLog
9/21/2023 3:02:58 PM Program.InitCustomize
9/21/2023 3:02:59 PM /Users/.Android
9/21/2023 3:02:59 PM InitDataBaseInfo Success
9/21/2023 3:02:59 PM start CreateClientSign
9/21/2023 3:02:59 PM CreateClientSign retcode=0 value=B589D35E-1B1F-5429-BADF-D8CC0D24DF1B
ClientSign=B589D35E-1B1F-5429-BADF-D8CC0D24DF1B9/21/2023 3:02:59 PM RequestPriceTask begin.
9/21/2023 3:02:59 PM RequestPriceTask begin.
9/21/2023 3:02:59 PM RequestPriceTask begin.
9/21/2023 3:02:59 PM RequestPriceTask begin.
9/21/2023 3:02:59 PM current langid = 3361
9/21/2023 3:02:59 PM start CreateClientSign
9/21/2023 3:02:59 PM CreateClientSign retcode=0 value=B589D35E-1B1F-5429-BADF-D8CC0D24DF1B
9/21/2023 3:03:00 PM [WSID] start Init
9/21/2023 3:03:00 PM RequestPriceTask begin.
9/21/2023 3:03:00 PM RequestPriceTask begin.
9/21/2023 3:03:00 PM RequestPriceTask begin.
9/21/2023 3:03:00 PM RequestPriceTask begin.
9/21/2023 3:03:00 PM [WSID] Init completed code=Suceess
9/21/2023 3:03:00 PM Appkey=d62cbadebedf8433bcc9f8ae6d3e17ad, AppSecret=9249c44f8f3b5af3a95183b50631349d
9/21/2023 3:03:00 PM start CreateClientSign
9/21/2023 3:03:00 PM CreateClientSign retcode=0 value=B589D35E-1B1F-5429-BADF-D8CC0D24DF1B
9/21/2023 3:03:00 PM ClentSign=B589D35E-1B1F-5429-BADF-D8CC0D24DF1B
9/21/2023 3:03:01 PM RegisterUSBDevicesNotify handle:140577072403312
9/21/2023 3:03:01 PM MacUsbNotifier  StartMonitor start
9/21/2023 3:03:01 PM MacUsbNotifier  StopMonitor
9/21/2023 3:03:02 PM [WSID] start IsLogined
9/21/2023 3:03:02 PM [WSID] start QueryUserInfo
9/21/2023 3:03:02 PM [WSID] QueryUserInfo completed msg=
9/21/2023 3:03:02 PM [WSID] IsLogined completed  islogined = False
9/21/2023 3:03:02 PM MacOS  StartMonitorWorker start
9/21/2023 3:03:02 PM MacOS  StartEnumeratorWorker start
9/21/2023 3:03:02 PM MacOS  StartEnumeratorWorker while (!bExit) 
9/21/2023 3:03:02 PM MacUsbNotifier  DoListen start
9/21/2023 3:03:02 PM MacUsb DeviceConnectCallback 
9/21/2023 3:03:02 PM SetThreadExecutionState exceptionSetThreadExecutionState
9/21/2023 3:03:02 PM MacOS  StartEnumeratorWorker ScanMacUSB   
9/21/2023 3:03:02 PM ConnectionHub OnDeviceArrival:IOService:/AppleARMPE/arm-io@10F00000/AppleT810xIO/usb-drd1@2280000/AppleT8103USBXHCI@01000000/usb-drd1-port-hs@01100000/Mi 9 Lite@01100000
9/21/2023 3:03:02 PM AddUSBConnection deviceId: IOService:/AppleARMPE/arm-io@10F00000/AppleT810xIO/usb-drd1@2280000/AppleT8103USBXHCI@01000000/usb-drd1-port-hs@01100000/Mi 9 Lite@01100000
9/21/2023 3:03:02 PM ConnectionHub.FoundDevice
9/21/2023 3:03:02 PM 	Id=IOService:/AppleARMPE/arm-io@10F00000/AppleT810xIO/usb-drd1@2280000/AppleT8103USBXHCI@01000000/usb-drd1-port-hs@01100000/Mi 9 Lite@01100000
9/21/2023 3:03:02 PM 	Manufacturer=Xiaomi
9/21/2023 3:03:02 PM 	Product=Mi 9 Lite
9/21/2023 3:03:02 PM 	FriendlyName=Mi 9 Lite
9/21/2023 3:03:02 PM 	SN=612952a5
9/21/2023 3:03:02 PM 	VID=10007
9/21/2023 3:03:02 PM 	PID=65344
9/21/2023 3:03:02 PM 	Class=0
9/21/2023 3:03:02 PM 	SubClass=0
9/21/2023 3:03:02 PM 	Protocol=0
9/21/2023 3:03:02 PM AddUSBConnection VID:0x2717 PID:0xff40 Manufacturer:Xiaomi Product:Mi 9 Lite
9/21/2023 3:03:03 PM ConnectionScanTask start
9/21/2023 3:03:03 PM WinServiceControl.StartService ElevationService not install.
9/21/2023 3:03:07 PM DownloadFile completed
9/21/2023 3:03:07 PM USBDeviceBaseInfo::GetDeviceInfo GetDeviceFromRemote VID:0x2717 PID:0xff40 Manufacturer:Xiaomi Product:Mi 9 Lite
9/21/2023 3:03:07 PM 	FriendlyName=
9/21/2023 3:03:07 PM ConnectionHub.AddConnection(IOService:/AppleARMPE/arm-io@10F00000/AppleT810xIO/usb-drd1@2280000/AppleT8103USBXHCI@01000000/usb-drd1-port-hs@01100000/Mi 9 Lite@01100000, Android, 612952a5)
9/21/2023 3:03:07 PM Connection Inserted Start bSameIOSDeviceOnly False
9/21/2023 3:03:07 PM Connection Inserted create new device
9/21/2023 3:03:07 PM Connection Inserted device is Android
9/21/2023 3:03:07 PM SQLite error
duplicate column name: t_devicemodel
9/21/2023 3:03:07 PM SQLite error
duplicate column name: t_devicemodel
9/21/2023 3:03:07 PM SQLite error
duplicate column name: t_devicemodel
9/21/2023 3:03:07 PM Connection Inserted AddService
9/21/2023 3:03:07 PM Device manager add device SerialNumber: 612952a5, type=1
9/21/2023 3:03:07 PM MacOS  StartEnumeratorWorker bFisrtScan end.
9/21/2023 3:03:07 PM MacUsb DeviceDisconnectCallback 
9/21/2023 3:03:07 PM ConnectionScanTask End
9/21/2023 3:03:07 PM AddUSBConnection deviceId: IOService:/AppleARMPE/arm-io@10F00000/AppleT810xIO/usb-drd1@2280000/AppleT8103USBXHCI@01000000/usb-drd1-port-hs@01100000/Mi 9 Lite@01100000
9/21/2023 3:03:07 PM AddUSBConnection VID:0x2717 PID:0xff40 Manufacturer:Xiaomi Product:Mi 9 Lite
9/21/2023 3:03:11 PM [WSID] start IsLogined
9/21/2023 3:03:11 PM [WSID] start QueryUserInfo
9/21/2023 3:03:11 PM [WSID] QueryUserInfo completed msg=
9/21/2023 3:03:11 PM [WSID] IsLogined completed  islogined = False
