[2023-09-21 15:02:59] [INFO] - (78) data_init to start thread
[2023-09-21 15:02:59] [INFO] - (87) data_init end
[2023-09-21 15:02:59] [INFO] - (35) back thread start ...
[2023-09-21 15:02:59] [INFO] - (36) sdk version: 1.1.1.1113
[2023-09-21 15:02:59] [INFO] - (116) update conf from svr
[2023-09-21 15:02:59] [INFO] - (424) get svr cnf
[2023-09-21 15:02:59] [INFO] - (132) base_info
[2023-09-21 15:02:59] [INFO] - (147) client_sign: {B589D35E-1B1F-5429-BADF-D8CC0D24DF1B}
[2023-09-21 15:03:02] [INFO] - (295) event
[2023-09-21 15:03:02] [INFO] - (150) save cnf:1
[2023-09-21 15:03:02] [INFO] - (131) update conf from svr end
[2023-09-21 15:03:02] [INFO] - (97) chk old msgs
[2023-09-21 15:03:02] [INFO] - (179) process_msgs: 0
[2023-09-21 15:03:02] [INFO] - (150) save cnf:1
[2023-09-21 15:03:02] [INFO] - (137) back thread loop start ...
[2023-09-21 15:03:02] [INFO] - (267) addtional send
[2023-09-21 15:03:04] [INFO] - (285) save msg to file
[2023-09-21 15:03:11] [INFO] - (295) event
[2023-09-21 15:03:11] [INFO] - (285) save msg to file
[2023-09-21 15:03:16] [INFO] - (107) data_stop
[2023-09-21 15:03:16] [INFO] - (163) end, to upload
[2023-09-21 15:03:16] [INFO] - (179) process_msgs: 1
[2023-09-21 15:03:16] [INFO] - (227) snd old msgs: /Users/lvnc/.config/Wondershare/Dr.Fone/Sparrow/unlock/data/MSG_PRE_{69d852057cec42a99b3eda4ac124fe2a}1695301396
[2023-09-21 15:03:16] [ERROR] - (819) curl_easy_perform() failed: Out of memory
[2023-09-21 15:03:16] [ERROR] - (1082) file http_client ret: 0
[2023-09-21 15:03:16] [WARN] - (232) snd old msgs: /Users/lvnc/.config/Wondershare/Dr.Fone/Sparrow/unlock/data/MSG_PRE_{69d852057cec42a99b3eda4ac124fe2a}1695301396, ret: 205
[2023-09-21 15:03:16] [WARN] - (174) upload fail
[2023-09-21 15:03:16] [INFO] - (177) to exit
[2023-09-21 15:03:16] [INFO] - (303) back thread stop ...
[2023-09-21 15:03:16] [INFO] - (150) save cnf:1
